<?xml version="1.0" encoding="UTF-8"?>
<!-- Generated by org.testng.reporters.JUnitReportReporter -->
<testsuite hostname="Saurabhs-MacBook-Pro.local" failures="0" tests="1" name="guru99Tests.AmazonTests" time="32.463" errors="0" timestamp="2022-11-29T14:30:20 AST" skipped="0">
  <testcase classname="guru99Tests.AmazonTests" name="searchProduct" time="32.463"/>
  <system-out/>
</testsuite> <!-- guru99Tests.AmazonTests -->
