<?xml version="1.0" encoding="UTF-8"?>
<!-- Generated by org.testng.reporters.JUnitReportReporter -->
<testsuite hostname="Saurabhs-MacBook-Pro.local" failures="0" tests="1" name="guru99Tests.MultipleWindowHandleTest" time="37.163" errors="0" timestamp="2022-11-29T10:02:26 AST" skipped="0">
  <testcase classname="guru99Tests.MultipleWindowHandleTest" name="multipeTabTests" time="37.163"/>
  <system-out/>
</testsuite> <!-- guru99Tests.MultipleWindowHandleTest -->
