<?xml version="1.0" encoding="UTF-8"?>
<!-- Generated by org.testng.reporters.JUnitReportReporter -->
<testsuite hostname="Saurabhs-MacBook-Pro.local" failures="0" tests="1" name="guru99Tests.Guru99Tests" time="116.196" errors="0" timestamp="2022-11-27T12:04:05 AST" skipped="0">
  <testcase classname="guru99Tests.Guru99Tests" name="loginToApplication" time="116.196"/>
  <system-out/>
</testsuite> <!-- guru99Tests.Guru99Tests -->
