<?xml version="1.0" encoding="UTF-8"?>
<!-- Generated by org.testng.reporters.JUnitReportReporter -->
<testsuite hostname="Saurabhs-MacBook-Pro.local" failures="0" tests="1" name="guru99Tests.DragAndDropTest" time="13.657" errors="0" timestamp="2022-11-28T15:01:02 AST" skipped="0">
  <testcase classname="guru99Tests.DragAndDropTest" name="dragAndDropTests" time="13.657"/>
  <system-out/>
</testsuite> <!-- guru99Tests.DragAndDropTest -->
